# JRE version: OpenJDK Runtime Environment (17.0.6) (build 17.0.6+0-b2043.56-10027231)
# Java VM: OpenJDK 64-Bit Server VM (17.0.6+0-b2043.56-10027231, mixed mode, tiered, compressed oops, compressed class ptrs, g1 gc, windows-amd64)
GC Precious Log:
 CPUs: 8 total, 8 available
 Memory: 7932M
 Large Page Support: Disabled
 NUMA Support: Disabled
 Compressed Oops: Enabled (32-bit)
 Heap Region Size: 1M
 Heap Min Capacity: 8M
 Heap Initial Capacity: 124M
 Heap Max Capacity: 1536M
 Pre-touch: Disabled
 Parallel Workers: 8
 Concurrent Workers: 2
 Concurrent Refinement Workers: 8
 Periodic GC: Disabled
Heap:
 garbage-first heap   total 280576K, used 97669K [0x00000000a0000000, 0x0000000100000000)
  region size 1024K, 22 young (22528K), 18 survivors (18432K)
 Metaspace       used 104640K, committed 105408K, reserved 1146880K
  class space    used 14326K, committed 14656K, reserved 1048576K
GC Heap History (20 events):
Event: 18.787 GC heap before
{Heap before GC invocations=21 (full 0):
 garbage-first heap   total 122880K, used 99614K [0x00000000a0000000, 0x0000000100000000)
  region size 1024K, 44 young (45056K), 4 survivors (4096K)
 Metaspace       used 72252K, committed 72832K, reserved 1114112K
  class space    used 9927K, committed 10176K, reserved 1048576K
}
Event: 18.794 GC heap after
{Heap after GC invocations=22 (full 0):
 garbage-first heap   total 122880K, used 60975K [0x00000000a0000000, 0x0000000100000000)
  region size 1024K, 6 young (6144K), 6 survivors (6144K)
 Metaspace       used 72252K, committed 72832K, reserved 1114112K
  class space    used 9927K, committed 10176K, reserved 1048576K
}
Event: 19.556 GC heap before
{Heap before GC invocations=22 (full 0):
 garbage-first heap   total 122880K, used 99887K [0x00000000a0000000, 0x0000000100000000)
  region size 1024K, 44 young (45056K), 6 survivors (6144K)
 Metaspace       used 78142K, committed 78720K, reserved 1122304K
  class space    used 10592K, committed 10816K, reserved 1048576K
}
Event: 19.606 GC heap after
{Heap after GC invocations=23 (full 0):
 garbage-first heap   total 122880K, used 62670K [0x00000000a0000000, 0x0000000100000000)
  region size 1024K, 4 young (4096K), 4 survivors (4096K)
 Metaspace       used 78142K, committed 78720K, reserved 1122304K
  class space    used 10592K, committed 10816K, reserved 1048576K
}
Event: 19.874 GC heap before
{Heap before GC invocations=24 (full 0):
 garbage-first heap   total 122880K, used 68814K [0x00000000a0000000, 0x0000000100000000)
  region size 1024K, 11 young (11264K), 4 survivors (4096K)
 Metaspace       used 79651K, committed 80256K, reserved 1122304K
  class space    used 10755K, committed 11008K, reserved 1048576K
}
Event: 19.880 GC heap after
{Heap after GC invocations=25 (full 0):
 garbage-first heap   total 122880K, used 64286K [0x00000000a0000000, 0x0000000100000000)
  region size 1024K, 4 young (4096K), 4 survivors (4096K)
 Metaspace       used 79651K, committed 80256K, reserved 1122304K
  class space    used 10755K, committed 11008K, reserved 1048576K
}
Event: 20.291 GC heap before
{Heap before GC invocations=26 (full 0):
 garbage-first heap   total 140288K, used 108318K [0x00000000a0000000, 0x0000000100000000)
  region size 1024K, 41 young (41984K), 4 survivors (4096K)
 Metaspace       used 81985K, committed 82560K, reserved 1122304K
  class space    used 11068K, committed 11328K, reserved 1048576K
}
Event: 20.297 GC heap after
{Heap after GC invocations=27 (full 0):
 garbage-first heap   total 140288K, used 67066K [0x00000000a0000000, 0x0000000100000000)
  region size 1024K, 6 young (6144K), 6 survivors (6144K)
 Metaspace       used 81985K, committed 82560K, reserved 1122304K
  class space    used 11068K, committed 11328K, reserved 1048576K
}
Event: 20.995 GC heap before
{Heap before GC invocations=27 (full 0):
 garbage-first heap   total 140288K, used 112122K [0x00000000a0000000, 0x0000000100000000)
  region size 1024K, 49 young (50176K), 6 survivors (6144K)
 Metaspace       used 85847K, committed 86464K, reserved 1130496K
  class space    used 11550K, committed 11776K, reserved 1048576K
}
Event: 21.001 GC heap after
{Heap after GC invocations=28 (full 0):
 garbage-first heap   total 140288K, used 69804K [0x00000000a0000000, 0x0000000100000000)
  region size 1024K, 3 young (3072K), 3 survivors (3072K)
 Metaspace       used 85847K, committed 86464K, reserved 1130496K
  class space    used 11550K, committed 11776K, reserved 1048576K
}
Event: 21.261 GC heap before
{Heap before GC invocations=28 (full 0):
 garbage-first heap   total 140288K, used 112812K [0x00000000a0000000, 0x0000000100000000)
  region size 1024K, 45 young (46080K), 3 survivors (3072K)
 Metaspace       used 86363K, committed 87040K, reserved 1130496K
  class space    used 11662K, committed 11968K, reserved 1048576K
}
Event: 21.266 GC heap after
{Heap after GC invocations=29 (full 0):
 garbage-first heap   total 140288K, used 72597K [0x00000000a0000000, 0x0000000100000000)
  region size 1024K, 6 young (6144K), 6 survivors (6144K)
 Metaspace       used 86363K, committed 87040K, reserved 1130496K
  class space    used 11662K, committed 11968K, reserved 1048576K
}
Event: 21.597 GC heap before
{Heap before GC invocations=30 (full 0):
 garbage-first heap   total 140288K, used 113557K [0x00000000a0000000, 0x0000000100000000)
  region size 1024K, 46 young (47104K), 6 survivors (6144K)
 Metaspace       used 86724K, committed 87424K, reserved 1130496K
  class space    used 11700K, committed 11968K, reserved 1048576K
}
Event: 21.604 GC heap after
{Heap after GC invocations=31 (full 0):
 garbage-first heap   total 140288K, used 75491K [0x00000000a0000000, 0x0000000100000000)
  region size 1024K, 4 young (4096K), 4 survivors (4096K)
 Metaspace       used 86724K, committed 87424K, reserved 1130496K
  class space    used 11700K, committed 11968K, reserved 1048576K
}
Event: 22.111 GC heap before
{Heap before GC invocations=31 (full 0):
 garbage-first heap   total 140288K, used 114403K [0x00000000a0000000, 0x0000000100000000)
  region size 1024K, 42 young (43008K), 4 survivors (4096K)
 Metaspace       used 90173K, committed 90816K, reserved 1130496K
  class space    used 12223K, committed 12480K, reserved 1048576K
}
Event: 22.117 GC heap after
{Heap after GC invocations=32 (full 0):
 garbage-first heap   total 140288K, used 77923K [0x00000000a0000000, 0x0000000100000000)
  region size 1024K, 6 young (6144K), 6 survivors (6144K)
 Metaspace       used 90173K, committed 90816K, reserved 1130496K
  class space    used 12223K, committed 12480K, reserved 1048576K
}
Event: 22.837 GC heap before
{Heap before GC invocations=33 (full 0):
 garbage-first heap   total 140288K, used 115811K [0x00000000a0000000, 0x0000000100000000)
  region size 1024K, 43 young (44032K), 6 survivors (6144K)
 Metaspace       used 93860K, committed 94656K, reserved 1130496K
  class space    used 12850K, committed 13184K, reserved 1048576K
}
Event: 22.845 GC heap after
{Heap after GC invocations=34 (full 0):
 garbage-first heap   total 280576K, used 80346K [0x00000000a0000000, 0x0000000100000000)
  region size 1024K, 6 young (6144K), 6 survivors (6144K)
 Metaspace       used 93860K, committed 94656K, reserved 1130496K
  class space    used 12850K, committed 13184K, reserved 1048576K
}
Event: 24.915 GC heap before
{Heap before GC invocations=34 (full 0):
 garbage-first heap   total 280576K, used 214490K [0x00000000a0000000, 0x0000000100000000)
  region size 1024K, 138 young (141312K), 6 survivors (6144K)
 Metaspace       used 104471K, committed 105280K, reserved 1146880K
  class space    used 14306K, committed 14656K, reserved 1048576K
}
Event: 24.957 GC heap after
{Heap after GC invocations=35 (full 0):
 garbage-first heap   total 280576K, used 94597K [0x00000000a0000000, 0x0000000100000000)
  region size 1024K, 18 young (18432K), 18 survivors (18432K)
 Metaspace       used 104471K, committed 105280K, reserved 1146880K
  class space    used 14306K, committed 14656K, reserved 1048576K
}

